This is pdfTeX, Version 3.14159265-2.6-1.40.21 (TeX Live 2020/Debian) (preloaded format=pdflatex 2023.1.17)  17 JAN 2023 14:58
entering extended mode
 restricted \write18 enabled.
 %&-line parsing enabled.
**ls-man.tex
(./ls-man.tex
LaTeX2e <2020-10-01> patch level 4
L3 programming layer <2021-01-09> xparse <2020-03-03>
(/usr/share/texlive/texmf-dist/tex/latex/base/article.cls
Document Class: article 2020/04/10 v1.4m Standard LaTeX document class
(/usr/share/texlive/texmf-dist/tex/latex/base/size10.clo
File: size10.clo 2020/04/10 v1.4m Standard LaTeX file (size option)
)
\c@part=\count177
\c@section=\count178
\c@subsection=\count179
\c@subsubsection=\count180
\c@paragraph=\count181
\c@subparagraph=\count182
\c@figure=\count183
\c@table=\count184
\abovecaptionskip=\skip47
\belowcaptionskip=\skip48
\bibindent=\dimen138
)
(/usr/share/texlive/texmf-dist/tex/latex/base/inputenc.sty
Package: inputenc 2020/08/01 v1.3d Input encoding file
\inpenc@prehook=\toks15
\inpenc@posthook=\toks16
)
(/usr/share/texlive/texmf-dist/tex/latex/base/fontenc.sty
Package: fontenc 2020/08/10 v2.0s Standard LaTeX package
)
(/usr/share/texlive/texmf-dist/tex/generic/babel/babel.sty
Package: babel 2021/01/26 3.53 The Babel package

(/usr/share/texlive/texmf-dist/tex/generic/babel/babel.def
File: babel.def 2021/01/26 3.53 Babel common definitions
\babel@savecnt=\count185
\U@D=\dimen139
\l@babelnohyphens=\language5

(/usr/share/texlive/texmf-dist/tex/generic/babel/txtbabel.def)
\bbl@readstream=\read2
)
\bbl@dirlevel=\count186

(/usr/share/texlive/texmf-dist/tex/generic/babel-french/french.ldf
Language: french 2020/10/10 v3.5l French support from the babel system
Package babel Info: \l@acadian = using hyphenrules for french
(babel)             (\language3) on input line 91.
Package babel Info: \l@canadien = using hyphenrules for french
(babel)             (\language3) on input line 92.
\FB@nonchar=\count187
Package babel Info: Making : an active character on input line 430.
Package babel Info: Making ; an active character on input line 431.
Package babel Info: Making ! an active character on input line 432.
Package babel Info: Making ? an active character on input line 433.
\FBguill@level=\count188
\FBold@everypar=\toks17
\FB@Mht=\dimen140
\mc@charclass=\count189
\mc@charfam=\count190
\mc@charslot=\count191
\std@mcc=\count192
\dec@mcc=\count193
\listindentFB=\dimen141
\descindentFB=\dimen142
\labelindentFB=\dimen143
\labelwidthFB=\dimen144
\leftmarginFB=\dimen145
\parindentFFN=\dimen146
\FBfnindent=\dimen147
))
(/usr/share/texlive/texmf-dist/tex/latex/carlisle/scalefnt.sty)
(/usr/share/texlive/texmf-dist/tex/latex/graphics/keyval.sty
Package: keyval 2014/10/28 v1.15 key=value parser (DPC)
\KV@toks@=\toks18
)
(/usr/share/texlive/texmf-dist/tex/latex/l3backend/l3backend-pdftex.def
File: l3backend-pdftex.def 2020-01-29 L3 backend support: PDF output (pdfTeX)
\l__color_backend_stack_int=\count194
\l__pdf_internal_box=\box47
)
(./ls-man.aux)
\openout1 = `ls-man.aux'.

LaTeX Font Info:    Checking defaults for OML/cmm/m/it on input line 7.
LaTeX Font Info:    ... okay on input line 7.
LaTeX Font Info:    Checking defaults for OMS/cmsy/m/n on input line 7.
LaTeX Font Info:    ... okay on input line 7.
LaTeX Font Info:    Checking defaults for OT1/cmr/m/n on input line 7.
LaTeX Font Info:    ... okay on input line 7.
LaTeX Font Info:    Checking defaults for T1/cmr/m/n on input line 7.
LaTeX Font Info:    ... okay on input line 7.
LaTeX Font Info:    Checking defaults for TS1/cmr/m/n on input line 7.
LaTeX Font Info:    ... okay on input line 7.
LaTeX Font Info:    Checking defaults for OMX/cmex/m/n on input line 7.
LaTeX Font Info:    ... okay on input line 7.
LaTeX Font Info:    Checking defaults for U/cmr/m/n on input line 7.
LaTeX Font Info:    ... okay on input line 7.
LaTeX Info: Redefining \degres on input line 7.
LaTeX Info: Redefining \dots on input line 7.
LaTeX Info: Redefining \up on input line 7.
LaTeX Font Info:    External font `cmex10' loaded for size
(Font)              <7> on input line 9.
LaTeX Font Info:    External font `cmex10' loaded for size
(Font)              <5> on input line 9.

! Missing $ inserted.
<inserted text> 
                $
l.156               (overrides QUOTING_
                                       STYLE environment variable) \\
? 
! Undefined control sequence.
<recently read> \n 
                   
l.207 ...-1     list one file per line.  Avoid '\n
                                                  ' with -q or -b \\
? 
! Double superscript.
<recently read> ^
                 
l.207 ...1     list one file per line.  Avoid '\n'
                                                   with -q or -b \\
? 

LaTeX Warning: Command \textcopyright invalid in math mode on input line 246.


LaTeX Warning: Command \textcopyright invalid in math mode on input line 246.

! Missing $ inserted.
<inserted text> 
                $
l.256 
      
? 
Missing character: There is no © in font cmr10!

Underfull \hbox (badness 10000) in paragraph at lines 9--256

 []


Underfull \hbox (badness 10000) in paragraph at lines 9--256

 []


Underfull \hbox (badness 10000) in paragraph at lines 9--256

 []


Underfull \hbox (badness 10000) in paragraph at lines 9--256

 []


Underfull \hbox (badness 10000) in paragraph at lines 9--256

 []


Underfull \hbox (badness 10000) in paragraph at lines 9--256

 []


Underfull \hbox (badness 10000) in paragraph at lines 9--256

 []


Underfull \hbox (badness 10000) in paragraph at lines 9--256

 []


Underfull \hbox (badness 10000) in paragraph at lines 9--256

 []


Underfull \hbox (badness 10000) in paragraph at lines 9--256

 []


Underfull \hbox (badness 10000) in paragraph at lines 9--256

 []


Underfull \hbox (badness 10000) in paragraph at lines 9--256

 []


Underfull \hbox (badness 10000) in paragraph at lines 9--256

 []


Underfull \hbox (badness 10000) in paragraph at lines 9--256

 []


Underfull \hbox (badness 10000) in paragraph at lines 9--256

 []


Underfull \hbox (badness 10000) in paragraph at lines 9--256

 []


Underfull \hbox (badness 10000) in paragraph at lines 9--256

 []


Underfull \hbox (badness 10000) in paragraph at lines 9--256

 []


Underfull \hbox (badness 10000) in paragraph at lines 9--256

 []


Underfull \hbox (badness 10000) in paragraph at lines 9--256

 []


Underfull \hbox (badness 10000) in paragraph at lines 9--256

 []


Underfull \hbox (badness 10000) in paragraph at lines 9--256

 []


Underfull \hbox (badness 10000) in paragraph at lines 9--256

 []


Underfull \hbox (badness 10000) in paragraph at lines 9--256

 []


Underfull \hbox (badness 10000) in paragraph at lines 9--256

 []


Underfull \hbox (badness 10000) in paragraph at lines 9--256

 []


Underfull \hbox (badness 10000) in paragraph at lines 9--256

 []


Underfull \hbox (badness 10000) in paragraph at lines 9--256

 []


Underfull \hbox (badness 10000) in paragraph at lines 9--256

 []


Underfull \hbox (badness 10000) in paragraph at lines 9--256

 []


Underfull \hbox (badness 10000) in paragraph at lines 9--256

 []


Underfull \hbox (badness 10000) in paragraph at lines 9--256

 []


Underfull \hbox (badness 10000) in paragraph at lines 9--256

 []


Underfull \hbox (badness 10000) in paragraph at lines 9--256

 []


Underfull \hbox (badness 10000) in paragraph at lines 9--256

 []


Underfull \hbox (badness 10000) in paragraph at lines 9--256

 []


Underfull \hbox (badness 10000) in paragraph at lines 9--256

 []


Underfull \hbox (badness 10000) in paragraph at lines 9--256

 []


Underfull \hbox (badness 10000) in paragraph at lines 9--256

 []


Underfull \hbox (badness 10000) in paragraph at lines 9--256

 []


Underfull \hbox (badness 10000) in paragraph at lines 9--256

 []


Underfull \hbox (badness 10000) in paragraph at lines 9--256

 []


Underfull \hbox (badness 10000) in paragraph at lines 9--256

 []


Underfull \hbox (badness 10000) in paragraph at lines 9--256

 []


Underfull \hbox (badness 10000) in paragraph at lines 9--256

 []


Overfull \hbox (66.58209pt too wide) in paragraph at lines 9--256
\OT1/cmr/m/n/10 shell-escape, shell-escape-always, c, es-cape (over-rides QUOTI
NG$[]\OML/cmm/m/it/10 TYLEenvironmentvariable\OT1/cmr/m/n/10 )[] 
 []


Overfull \hbox (59.43082pt too wide) in paragraph at lines 9--256
\OML/cmm/m/it/10 sortbyWORDinsteadofname \OT1/cmr/m/n/10 : \OML/cmm/m/it/10 non
e\OT1/cmr/m/n/10 (\OMS/cmsy/m/n/10 ^^@\OML/cmm/m/it/10 U\OT1/cmr/m/n/10 )\OML/c
mm/m/it/10 ; size\OT1/cmr/m/n/10 (\OMS/cmsy/m/n/10 ^^@\OML/cmm/m/it/10 S\OT1/cm
r/m/n/10 )\OML/cmm/m/it/10 ; time\OT1/cmr/m/n/10 (\OMS/cmsy/m/n/10 ^^@\OML/cmm/
m/it/10 t\OT1/cmr/m/n/10 )\OML/cmm/m/it/10 ; version\OT1/cmr/m/n/10 (\OMS/cmsy/
m/n/10 ^^@\OML/cmm/m/it/10 v\OT1/cmr/m/n/10 )\OML/cmm/m/it/10 ; extension\OT1/c
mr/m/n/10 (\OMS/cmsy/m/n/10 ^^@\OML/cmm/m/it/10 X\OT1/cmr/m/n/10 )[] 
 []


Overfull \hbox (95.79681pt too wide) in paragraph at lines 9--256
\OML/cmm/m/it/10 changethedefaultofusingmodificationtimes\OT1/cmr/m/n/10 ; \OML
/cmm/m/it/10 accesstime\OT1/cmr/m/n/10 (\OMS/cmsy/m/n/10 ^^@\OML/cmm/m/it/10 u\
OT1/cmr/m/n/10 ) : \OML/cmm/m/it/10 atime; access; use\OT1/cmr/m/n/10 ; \OML/cm
m/m/it/10 changetime\OT1/cmr/m/n/10 (\OMS/cmsy/m/n/10 ^^@\OML/cmm/m/it/10 c\OT1
/cmr/m/n/10 ) :
 []


Overfull \hbox (74.73473pt too wide) in paragraph at lines 9--256
\OML/cmm/m/it/10 with \OMS/cmsy/m/n/10 ^^@ \OML/cmm/m/it/10 l; WORDdetermineswh
ichtimetoshow\OT1/cmr/m/n/10 ; \OML/cmm/m/it/10 with \OMS/cmsy/m/n/10 ^^@ ^^@\O
ML/cmm/m/it/10 sort \OT1/cmr/m/n/10 = \OML/cmm/m/it/10 time; sortbyWORD\OT1/cmr
/m/n/10 (\OML/cmm/m/it/10 newestfirst\OT1/cmr/m/n/10 )[] 
 []


Overfull \hbox (73.4714pt too wide) in paragraph at lines 9--256
\OMS/cmsy/m/n/10 ^^@ \OML/cmm/m/it/10 uwith \OMS/cmsy/m/n/10 ^^@ \OML/cmm/m/it/
10 lt \OT1/cmr/m/n/10 : \OML/cmm/m/it/10 sortby; andshow; accesstime\OT1/cmr/m/
n/10 ; \OML/cmm/m/it/10 with \OMS/cmsy/m/n/10 ^^@ \OML/cmm/m/it/10 l \OT1/cmr/m
/n/10 : \OML/cmm/m/it/10 showaccesstimeandsortbyname\OT1/cmr/m/n/10 ; \OML/cmm/
m/it/10 otherwise \OT1/cmr/m/n/10 :
 []


Overfull \hbox (466.24646pt too wide) in paragraph at lines 9--256
\OML/cmm/m/it/10 TheSIZEargumentisanintegerandoptionalunit\OT1/cmr/m/n/10 (\OML
/cmm/m/it/10 example \OT1/cmr/m/n/10 : 10\OML/cmm/m/it/10 Kis\OT1/cmr/m/n/10 10
 \OMS/cmsy/m/n/10 ^^C \OT1/cmr/m/n/10 1024)\OML/cmm/m/it/10 :UnitsareK; M; G; T
; P; E; Z; Y\OT1/cmr/m/n/10 (\OML/cmm/m/it/10 powersof\OT1/cmr/m/n/10 1024)\OML
/cmm/m/it/10 orKB; MB; :::\OT1/cmr/m/n/10 (\OML/cmm/m/it/10 powersof\OT1/cmr/m/
n/10 1000)\OML/cmm/m/it/10 :Binaryprefixescanbeused; too \OT1/cmr/m/n/10 :
 []


Overfull \hbox (278.56755pt too wide) in paragraph at lines 9--256
\OML/cmm/m/it/10 TheTIME[]TYLEargumentcanbefull \OMS/cmsy/m/n/10 ^^@ \OML/cmm/m
/it/10 iso; long \OMS/cmsy/m/n/10 ^^@ \OML/cmm/m/it/10 iso; iso; locale; or \OT
1/cmr/m/n/10 + \OML/cmm/m/it/10 FORMAT:FORMATisinterpretedlikeindate\OT1/cmr/m/
n/10 (1)\OML/cmm/m/it/10 :IfFORMATisFOR \OMS/cmsy/m/n/10 ^^@
 []


Overfull \hbox (41.93332pt too wide) in paragraph at lines 9--256
\OML/cmm/m/it/10 MAT\OT1/cmr/m/n/10 1 \OML/cmm/m/it/10 < newline > FORMAT\OT1/c
mr/m/n/10 2\OML/cmm/m/it/10 ; thenFORMAT\OT1/cmr/m/n/10 1\OML/cmm/m/it/10 appli
estonon \OMS/cmsy/m/n/10 ^^@ \OML/cmm/m/it/10 recentfilesandFOR \OMS/cmsy/m/n/1
0 ^^@
 []


Overfull \hbox (278.51605pt too wide) in paragraph at lines 9--256
\OML/cmm/m/it/10 MAT\OT1/cmr/m/n/10 2\OML/cmm/m/it/10 torecentfiles:TIME[]TYLEp
refixedwith[]posix \OMS/cmsy/m/n/10 ^^@[] \OML/cmm/m/it/10 takeseffectonlyoutsi
dethePOSIXlocale:AlsotheTIME[]TYLEenvironmentvari \OMS/cmsy/m/n/10 ^^@
 []


Overfull \hbox (493.29175pt too wide) in paragraph at lines 9--256
\OML/cmm/m/it/10 never:With \OMS/cmsy/m/n/10 ^^@ ^^@\OML/cmm/m/it/10 color \OT1
/cmr/m/n/10 = \OML/cmm/m/it/10 auto; lsemitscolorcodesonlywhenstandardoutputisc
onnectedtoaterminal:TheLS[]OLORSenvironmentvariablecanchangethesettings:Usethed
ircolorscommandtosetit:[] 
 []


Underfull \hbox (badness 10000) in paragraph at lines 9--256

 []

[1

{/var/lib/texmf/fonts/map/pdftex/updmap/pdftex.map}] [2] [3] [4] [5]
(./ls-man.aux) ) 
Here is how much of TeX's memory you used:
 2178 strings out of 481223
 32029 string characters out of 5914619
 342092 words of memory out of 5000000
 19179 multiletter control sequences out of 15000+600000
 403765 words of font info for 28 fonts, out of 8000000 for 9000
 14 hyphenation exceptions out of 8191
 49i,6n,57p,130b,424s stack positions out of 5000i,500n,10000p,200000b,80000s
</usr/share/texlive/texmf-dist/fonts/type1/public/amsfonts/cm/c
mmi10.pfb></usr/share/texlive/texmf-dist/fonts/type1/public/amsfonts/cm/cmmi7.p
fb></usr/share/texlive/texmf-dist/fonts/type1/public/amsfonts/cm/cmr10.pfb></us
r/share/texlive/texmf-dist/fonts/type1/public/amsfonts/cm/cmsy10.pfb></usr/shar
e/texlive/texmf-dist/fonts/type1/public/amsfonts/cm/cmsy7.pfb>
Output written on ls-man.pdf (5 pages, 73895 bytes).
PDF statistics:
 40 PDF objects out of 1000 (max. 8388607)
 27 compressed objects within 1 object stream
 0 named destinations out of 1000 (max. 500000)
 1 words of extra memory for PDF output out of 10000 (max. 10000000)

